
Showing logs for build [32mamitkarpe-q2-master-gdnbj-1[0m stage [32mfrom-build-pack[0m and container [32mstep-credential-initializer-r489h[0m
{"level":"warn","ts":1585907311.2411118,"logger":"fallback-logger","caller":"logging/config.go:69","msg":"Fetch GitHub commit ID from kodata failed: \"ref: refs/heads/0.8.0-**-support-backwards-incompats\" is not a valid GitHub commit ID"}
{"level":"info","ts":1585907311.241602,"logger":"fallback-logger","caller":"creds-init/main.go:40","msg":"Credentials initialized."}

Showing logs for build [32mamitkarpe-q2-master-gdnbj-1[0m stage [32mfrom-build-pack[0m and container [32mstep-working-dir-initializer-gzvcv[0m
{"level":"warn","ts":1585907312.3190532,"logger":"fallback-logger","caller":"logging/config.go:69","msg":"Fetch GitHub commit ID from kodata failed: open /var/run/ko/HEAD: no such file or directory"}
{"level":"info","ts":1585907312.320443,"logger":"fallback-logger","caller":"bash/main.go:64","msg":"Successfully executed command \"sh -c mkdir -p /workspace/source\"; output "}

Showing logs for build [32mamitkarpe-q2-master-gdnbj-1[0m stage [32mfrom-build-pack[0m and container [32mstep-place-tools[0m

Showing logs for build [32mamitkarpe-q2-master-gdnbj-1[0m stage [32mfrom-build-pack[0m and container [32mstep-git-source-amitkarpe-q2-master-gdnbj-jtcnc[0m
{"level":"warn","ts":1585907318.4818912,"logger":"fallback-logger","caller":"logging/config.go:69","msg":"Fetch GitHub commit ID from kodata failed: \"ref: refs/heads/0.8.0-**-support-backwards-incompats\" is not a valid GitHub commit ID"}
{"level":"info","ts":1585907321.7969415,"logger":"fallback-logger","caller":"git/git.go:103","msg":"Successfully cloned https://github.com/*********/q2.git @ v0.0.1 in path /workspace/source"}

Showing logs for build [32mamitkarpe-q2-master-gdnbj-1[0m stage [32mfrom-build-pack[0m and container [32mstep-git-merge[0m
Using SHAs from PULL_REFS=master:9a88bf153e0d51678464f37dc96530418162644c
WARNING: no SHAs to merge, falling back to initial cloned commit

Showing logs for build [32mamitkarpe-q2-master-gdnbj-1[0m stage [32mfrom-build-pack[0m and container [32mstep-setup-jx-git-credentials[0m
Generated Git credentials file /workspace/xdg_config/git/credentials

Showing logs for build [32mamitkarpe-q2-master-gdnbj-1[0m stage [32mfrom-build-pack[0m and container [32mstep-build-make-build[0m
CGO_ENABLED=0 GO15VENDOREXPERIMENT=1 go build -ldflags '' -o bin/q2 main.go

Showing logs for build [32mamitkarpe-q2-master-gdnbj-1[0m stage [32mfrom-build-pack[0m and container [32mstep-build-container-build[0m
[36mINFO[0m[0000] No base image, nothing to extract            
[36mINFO[0m[0000] cmd: EXPOSE                                  
[36mINFO[0m[0000] Adding exposed port: 8080/tcp                
[36mINFO[0m[0000] Using files from context: [/workspace/source/bin] 
[36mINFO[0m[0000] Skipping unpacking as no commands require it. 
[36mINFO[0m[0000] Taking snapshot of full filesystem...        
[36mINFO[0m[0000] EXPOSE 8080                                  
[36mINFO[0m[0000] cmd: EXPOSE                                  
[36mINFO[0m[0000] Adding exposed port: 8080/tcp                
[36mINFO[0m[0000] No files changed in this command, skipping snapshotting. 
[36mINFO[0m[0000] ENTRYPOINT ["/q2"]                           
[36mINFO[0m[0000] No files changed in this command, skipping snapshotting. 
[36mINFO[0m[0000] Using files from context: [/workspace/source/bin] 
[36mINFO[0m[0000] COPY ./bin/ /                                
[36mINFO[0m[0000] Taking snapshot of files...                  
2020/04/03 09:48:58 pushed blob: sha256:cbdfd29d9f9be768b6017d28f61f7d6bbd41e0a9b288c9975ae126b73efb67c2
2020/04/03 09:48:58 pushed blob: sha256:cf1066c570c76b0dac868a10af89919a11c5434f362cb93f01e6f9fe5399377b
2020/04/03 09:49:02 gcr.io/genuine-energy-264308/q2:0.0.1: digest: sha256:ef8dd0e7a7475c05ce1fa32ad7e96f74aaaf6b525a1ed9f1e8f68a92702a5f54 size: 428

Showing logs for build [32mamitkarpe-q2-master-gdnbj-1[0m stage [32mfrom-build-pack[0m and container [32mstep-build-post-build[0m
no CVE provider running in the current ** namespace so skip adding image to be analysed

Showing logs for build [32mamitkarpe-q2-master-gdnbj-1[0m stage [32mfrom-build-pack[0m and container [32mstep-promote-changelog[0m
Converted /workspace/source/charts/q2 to an unshallow repository
Generating change log from git ref bef9aff253d636ce86932367c540d6da84b0d68a => 48217c96586a29ff5986af43626c32a3fd0db639
Associating user x-0 in users.jenkins.io with email jenkins-x@googlegroups.com to git GitProvider user with login -0 as emails match
Adding label jenkins.io/git-github-userid=-0 to user x-0 in users.jenkins.io
WARNING: Failed to enrich commit 9a88bf153e0d51678464f37dc96530418162644c with issues: User.jenkins.io "x-0" is invalid: metadata.labels: Invalid value: "-0": a valid label must be an empty string or consist of alphanumeric characters, '-', '_' or '.', and must start and end with an alphanumeric character (e.g. 'MyValue',  or 'my_value',  or '12345', regex used for validation is '(([A-Za-z0-9][-A-Za-z0-9_.]*)?[A-Za-z0-9])?')
Finding issues in commit messages using git format
WARNING: No release found for *********/q2 and tag v0.0.1 so creating a new release
Updated the release information at https://github.com/*********/q2/releases/tag/v0.0.1
generated: /workspace/source/charts/q2/templates/release.yaml
Created Release q2-0-0-1 resource in namespace **
Updating PipelineActivity *********-q2-master-1 with version 0.0.1
Updated PipelineActivities *********-q2-master-1 with release notes URL: https://github.com/*********/q2/releases/tag/v0.0.1

Showing logs for build [32mamitkarpe-q2-master-gdnbj-1[0m stage [32mfrom-build-pack[0m and container [32mstep-promote-helm-release[0m
WARNING: No $CHART_REPOSITORY defined so using the default value of: http://jenkins-x-chartmuseum:8080
Adding missing Helm repo: storage.googleapis.com https://storage.googleapis.com/chartmuseum.jenkins-x.io
Successfully added Helm repository storage.googleapis.com.
Adding missing Helm repo: jenkins-x-chartmuseum http://jenkins-x-chartmuseum:8080
error: failed to build dependencies for chart from directory '.': failed to add chart repositories: failed to add the Helm repository with URL 'http://jenkins-x-chartmuseum:8080': prompting for creds for http://jenkins-x-chartmuseum:8080: checking status code of http://jenkins-x-chartmuseum:8080/index.yaml: Get http://jenkins-x-chartmuseum:8080/index.yaml: dial tcp: lookup jenkins-x-chartmuseum on 10.51.240.10:53: no such host
[31m
Pipeline failed on stage 'from-build-pack' : container 'step-promote-helm-release'. The execution of the pipeline has stopped.[0m
